0:0:0:0:0:0:0:1 - - [30/Dec/2016:09:49:52 +0800] "POST /login HTTP/1.1" 200 440
0:0:0:0:0:0:0:1 - - [30/Dec/2016:09:49:52 +0800] "GET /favicon.ico HTTP/1.1" 302 -
0:0:0:0:0:0:0:1 - - [30/Dec/2016:09:49:52 +0800] "GET /login HTTP/1.1" 405 220
0:0:0:0:0:0:0:1 - - [30/Dec/2016:09:50:13 +0800] "POST /login HTTP/1.1" 200 440
0:0:0:0:0:0:0:1 - - [30/Dec/2016:09:50:13 +0800] "GET /favicon.ico HTTP/1.1" 302 -
0:0:0:0:0:0:0:1 - - [30/Dec/2016:09:50:13 +0800] "GET /login HTTP/1.1" 405 220
0:0:0:0:0:0:0:1 - - [30/Dec/2016:09:51:52 +0800] "POST /login HTTP/1.1" 302 -
0:0:0:0:0:0:0:1 - - [30/Dec/2016:09:51:52 +0800] "GET /favicon.ico HTTP/1.1" 200 946
0:0:0:0:0:0:0:1 - - [30/Dec/2016:09:57:20 +0800] "POST /login HTTP/1.1" 200 440
0:0:0:0:0:0:0:1 - - [30/Dec/2016:09:57:20 +0800] "GET /favicon.ico HTTP/1.1" 302 -
0:0:0:0:0:0:0:1 - - [30/Dec/2016:09:57:20 +0800] "GET /login HTTP/1.1" 405 220
0:0:0:0:0:0:0:1 - - [30/Dec/2016:10:00:03 +0800] "POST /login HTTP/1.1" 302 -
0:0:0:0:0:0:0:1 - - [30/Dec/2016:10:00:03 +0800] "GET /index HTTP/1.1" 404 306
0:0:0:0:0:0:0:1 - - [30/Dec/2016:10:00:04 +0800] "GET /favicon.ico HTTP/1.1" 200 946
0:0:0:0:0:0:0:1 - - [30/Dec/2016:10:02:44 +0800] "GET / HTTP/1.1" 302 -
0:0:0:0:0:0:0:1 - - [30/Dec/2016:10:02:44 +0800] "GET /login HTTP/1.1" 405 337
0:0:0:0:0:0:0:1 - - [30/Dec/2016:10:03:30 +0800] "GET /login HTTP/1.1" 200 440
0:0:0:0:0:0:0:1 - - [30/Dec/2016:10:03:30 +0800] "GET /favicon.ico HTTP/1.1" 302 -
0:0:0:0:0:0:0:1 - - [30/Dec/2016:10:03:30 +0800] "GET /login HTTP/1.1" 200 440
0:0:0:0:0:0:0:1 - - [30/Dec/2016:10:03:57 +0800] "GET / HTTP/1.1" 302 -
0:0:0:0:0:0:0:1 - - [30/Dec/2016:10:03:57 +0800] "GET /login HTTP/1.1" 200 440
0:0:0:0:0:0:0:1 - - [30/Dec/2016:10:03:58 +0800] "GET /favicon.ico HTTP/1.1" 302 -
0:0:0:0:0:0:0:1 - - [30/Dec/2016:10:03:58 +0800] "GET /login HTTP/1.1" 200 440
0:0:0:0:0:0:0:1 - - [30/Dec/2016:10:04:02 +0800] "GET / HTTP/1.1" 302 -
0:0:0:0:0:0:0:1 - - [30/Dec/2016:10:04:02 +0800] "GET /login HTTP/1.1" 200 440
0:0:0:0:0:0:0:1 - - [30/Dec/2016:10:04:02 +0800] "GET /favicon.ico HTTP/1.1" 302 -
0:0:0:0:0:0:0:1 - - [30/Dec/2016:10:04:02 +0800] "GET /login HTTP/1.1" 200 440
0:0:0:0:0:0:0:1 - - [30/Dec/2016:10:04:07 +0800] "POST /login HTTP/1.1" 302 -
0:0:0:0:0:0:0:1 - - [30/Dec/2016:10:04:07 +0800] "GET /favicon.ico HTTP/1.1" 200 946
0:0:0:0:0:0:0:1 - - [30/Dec/2016:10:04:13 +0800] "POST /login HTTP/1.1" 200 440
0:0:0:0:0:0:0:1 - - [30/Dec/2016:10:05:06 +0800] "POST /login HTTP/1.1" 302 -
0:0:0:0:0:0:0:1 - - [30/Dec/2016:10:05:07 +0800] "GET /index HTTP/1.1" 200 268
0:0:0:0:0:0:0:1 - - [30/Dec/2016:10:39:08 +0800] "GET /index HTTP/1.1" 302 -
0:0:0:0:0:0:0:1 - - [30/Dec/2016:10:39:09 +0800] "GET /login HTTP/1.1" 200 440
0:0:0:0:0:0:0:1 - - [30/Dec/2016:10:39:16 +0800] "POST /login HTTP/1.1" 302 -
0:0:0:0:0:0:0:1 - - [30/Dec/2016:10:39:16 +0800] "GET /index HTTP/1.1" 200 268
0:0:0:0:0:0:0:1 - - [30/Dec/2016:10:39:35 +0800] "GET /userInfo/userList HTTP/1.1" 500 440
0:0:0:0:0:0:0:1 - - [30/Dec/2016:10:40:49 +0800] "GET /userInfo/userList HTTP/1.1" 302 -
0:0:0:0:0:0:0:1 - - [30/Dec/2016:10:40:50 +0800] "GET /login HTTP/1.1" 200 440
0:0:0:0:0:0:0:1 - - [30/Dec/2016:10:40:56 +0800] "POST /login HTTP/1.1" 302 -
0:0:0:0:0:0:0:1 - - [30/Dec/2016:10:40:56 +0800] "GET /userInfo/userList HTTP/1.1" 500 440
0:0:0:0:0:0:0:1 - - [30/Dec/2016:10:43:03 +0800] "GET /userInfo/userList HTTP/1.1" 302 -
0:0:0:0:0:0:0:1 - - [30/Dec/2016:10:43:04 +0800] "GET /login HTTP/1.1" 200 440
0:0:0:0:0:0:0:1 - - [30/Dec/2016:10:43:07 +0800] "POST /login HTTP/1.1" 302 -
0:0:0:0:0:0:0:1 - - [30/Dec/2016:10:43:07 +0800] "GET /userInfo/userList HTTP/1.1" 200 128
0:0:0:0:0:0:0:1 - - [30/Dec/2016:10:43:16 +0800] "GET /userInfo/userAdd HTTP/1.1" 500 345
0:0:0:0:0:0:0:1 - - [30/Dec/2016:10:44:09 +0800] "GET /userInfo/userAdd HTTP/1.1" 302 -
0:0:0:0:0:0:0:1 - - [30/Dec/2016:10:44:10 +0800] "GET /login HTTP/1.1" 200 440
0:0:0:0:0:0:0:1 - - [30/Dec/2016:10:44:12 +0800] "POST /login HTTP/1.1" 302 -
0:0:0:0:0:0:0:1 - - [30/Dec/2016:10:44:12 +0800] "GET /userInfo/userAdd HTTP/1.1" 500 345
0:0:0:0:0:0:0:1 - - [30/Dec/2016:10:46:04 +0800] "GET /userInfo/userAdd HTTP/1.1" 302 -
0:0:0:0:0:0:0:1 - - [30/Dec/2016:10:46:05 +0800] "GET /login HTTP/1.1" 200 440
0:0:0:0:0:0:0:1 - - [30/Dec/2016:10:46:07 +0800] "POST /login HTTP/1.1" 302 -
0:0:0:0:0:0:0:1 - - [30/Dec/2016:10:46:07 +0800] "GET /userInfo/userAdd HTTP/1.1" 500 345
0:0:0:0:0:0:0:1 - - [30/Dec/2016:10:47:16 +0800] "GET /userInfo/userAdd HTTP/1.1" 302 -
0:0:0:0:0:0:0:1 - - [30/Dec/2016:10:47:17 +0800] "GET /login HTTP/1.1" 200 440
0:0:0:0:0:0:0:1 - - [30/Dec/2016:10:47:20 +0800] "POST /login HTTP/1.1" 302 -
0:0:0:0:0:0:0:1 - - [30/Dec/2016:10:47:20 +0800] "GET /userInfo/userAdd HTTP/1.1" 500 120
0:0:0:0:0:0:0:1 - - [30/Dec/2016:10:48:29 +0800] "GET /userInfo/userAdd HTTP/1.1" 302 -
0:0:0:0:0:0:0:1 - - [30/Dec/2016:10:48:30 +0800] "GET /login HTTP/1.1" 200 440
0:0:0:0:0:0:0:1 - - [30/Dec/2016:10:48:32 +0800] "POST /login HTTP/1.1" 302 -
0:0:0:0:0:0:0:1 - - [30/Dec/2016:10:48:45 +0800] "GET /userInfo/userAdd HTTP/1.1" 500 120
0:0:0:0:0:0:0:1 - - [30/Dec/2016:10:49:03 +0800] "GET /userInfo/userList HTTP/1.1" 200 128
0:0:0:0:0:0:0:1 - - [30/Dec/2016:10:49:21 +0800] "GET /userInfo/userDel HTTP/1.1" 500 120
0:0:0:0:0:0:0:1 - - [30/Dec/2016:10:50:31 +0800] "GET /userInfo/userDel HTTP/1.1" 302 -
0:0:0:0:0:0:0:1 - - [30/Dec/2016:10:50:32 +0800] "GET /login HTTP/1.1" 200 440
0:0:0:0:0:0:0:1 - - [30/Dec/2016:10:50:33 +0800] "POST /login HTTP/1.1" 302 -
0:0:0:0:0:0:0:1 - - [30/Dec/2016:10:50:40 +0800] "GET /userInfo/userDel HTTP/1.1" 500 120
0:0:0:0:0:0:0:1 - - [30/Dec/2016:10:50:59 +0800] "GET /userInfo/userDel HTTP/1.1" 500 120
0:0:0:0:0:0:0:1 - - [30/Dec/2016:10:50:59 +0800] "GET /favicon.ico HTTP/1.1" 200 946
0:0:0:0:0:0:0:1 - - [30/Dec/2016:10:51:11 +0800] "GET /userInfo/userAdd HTTP/1.1" 500 120
0:0:0:0:0:0:0:1 - - [30/Dec/2016:10:52:24 +0800] "GET /userInfo/userAdd HTTP/1.1" 302 -
0:0:0:0:0:0:0:1 - - [30/Dec/2016:10:52:25 +0800] "GET /login HTTP/1.1" 200 440
0:0:0:0:0:0:0:1 - - [30/Dec/2016:10:52:27 +0800] "POST /login HTTP/1.1" 302 -
0:0:0:0:0:0:0:1 - - [30/Dec/2016:10:52:29 +0800] "GET /userInfo/userAdd HTTP/1.1" 500 120
0:0:0:0:0:0:0:1 - - [30/Dec/2016:10:54:47 +0800] "GET /userInfo/userAdd HTTP/1.1" 302 -
0:0:0:0:0:0:0:1 - - [30/Dec/2016:10:54:48 +0800] "GET /login HTTP/1.1" 200 440
0:0:0:0:0:0:0:1 - - [30/Dec/2016:10:54:50 +0800] "POST /login HTTP/1.1" 302 -
0:0:0:0:0:0:0:1 - - [30/Dec/2016:10:54:56 +0800] "GET /userInfo/userAdd HTTP/1.1" 500 120
0:0:0:0:0:0:0:1 - - [30/Dec/2016:10:56:04 +0800] "GET /userInfo/userAdd HTTP/1.1" 302 -
0:0:0:0:0:0:0:1 - - [30/Dec/2016:10:56:05 +0800] "GET /login HTTP/1.1" 200 440
0:0:0:0:0:0:0:1 - - [30/Dec/2016:10:56:09 +0800] "POST /login HTTP/1.1" 302 -
0:0:0:0:0:0:0:1 - - [30/Dec/2016:10:56:15 +0800] "GET /userInfo/userAdd HTTP/1.1" 200 194
0:0:0:0:0:0:0:1 - - [30/Dec/2016:10:56:44 +0800] "GET /userInfo/userDel HTTP/1.1" 500 120
0:0:0:0:0:0:0:1 - - [30/Dec/2016:10:57:40 +0800] "GET /userInfo/userAdd HTTP/1.1" 302 -
0:0:0:0:0:0:0:1 - - [30/Dec/2016:10:57:40 +0800] "GET /login HTTP/1.1" 200 440
0:0:0:0:0:0:0:1 - - [30/Dec/2016:10:57:42 +0800] "POST /login HTTP/1.1" 302 -
0:0:0:0:0:0:0:1 - - [30/Dec/2016:10:57:44 +0800] "GET /userInfo/userAdd HTTP/1.1" 200 192
0:0:0:0:0:0:0:1 - - [30/Dec/2016:10:59:32 +0800] "GET /userInfo/userAdd HTTP/1.1" 302 -
0:0:0:0:0:0:0:1 - - [30/Dec/2016:10:59:32 +0800] "GET /login HTTP/1.1" 200 440
0:0:0:0:0:0:0:1 - - [30/Dec/2016:10:59:35 +0800] "POST /login HTTP/1.1" 302 -
0:0:0:0:0:0:0:1 - - [30/Dec/2016:10:59:39 +0800] "GET /userInfo/userAdd HTTP/1.1" 200 192
0:0:0:0:0:0:0:1 - - [30/Dec/2016:11:02:21 +0800] "GET /userInfo/userAdd HTTP/1.1" 302 -
0:0:0:0:0:0:0:1 - - [30/Dec/2016:11:02:21 +0800] "GET /login HTTP/1.1" 200 440
0:0:0:0:0:0:0:1 - - [30/Dec/2016:11:02:23 +0800] "POST /login HTTP/1.1" 302 -
0:0:0:0:0:0:0:1 - - [30/Dec/2016:11:02:26 +0800] "GET /userInfo/userAdd HTTP/1.1" 200 192
0:0:0:0:0:0:0:1 - - [30/Dec/2016:11:02:36 +0800] "GET /userInfo/userDel HTTP/1.1" 500 120
0:0:0:0:0:0:0:1 - - [30/Dec/2016:11:24:23 +0800] "GET /userInfo/userAdd HTTP/1.1" 302 -
0:0:0:0:0:0:0:1 - - [30/Dec/2016:11:24:23 +0800] "GET /login HTTP/1.1" 200 440
0:0:0:0:0:0:0:1 - - [30/Dec/2016:11:24:31 +0800] "POST /login HTTP/1.1" 302 -
0:0:0:0:0:0:0:1 - - [30/Dec/2016:11:24:31 +0800] "GET /userInfo/userAdd HTTP/1.1" 200 192
0:0:0:0:0:0:0:1 - - [30/Dec/2016:11:26:04 +0800] "GET /userInfo/userAdd HTTP/1.1" 302 -
0:0:0:0:0:0:0:1 - - [30/Dec/2016:11:26:04 +0800] "GET /login HTTP/1.1" 200 440
