0:0:0:0:0:0:0:1 - - [29/Dec/2016:16:03:19 +0800] "GET / HTTP/1.1" 500 371
0:0:0:0:0:0:0:1 - - [29/Dec/2016:16:03:19 +0800] "GET /favicon.ico HTTP/1.1" 200 946
0:0:0:0:0:0:0:1 - - [29/Dec/2016:16:05:21 +0800] "GET / HTTP/1.1" 200 354
0:0:0:0:0:0:0:1 - - [29/Dec/2016:16:05:21 +0800] "GET /bootstrap/css/bootstrap.min.css HTTP/1.1" 404 146
0:0:0:0:0:0:0:1 - - [29/Dec/2016:16:05:21 +0800] "GET /bootstrap/css/bootstrap-theme.min.css HTTP/1.1" 404 152
0:0:0:0:0:0:0:1 - - [29/Dec/2016:16:05:22 +0800] "GET /favicon.ico HTTP/1.1" 200 946
0:0:0:0:0:0:0:1 - - [29/Dec/2016:16:14:59 +0800] "GET / HTTP/1.1" 200 268
0:0:0:0:0:0:0:1 - - [29/Dec/2016:16:14:59 +0800] "GET /favicon.ico HTTP/1.1" 200 946
0:0:0:0:0:0:0:1 - - [29/Dec/2016:16:15:00 +0800] "GET /hello HTTP/1.1" 200 193
0:0:0:0:0:0:0:1 - - [29/Dec/2016:16:25:24 +0800] "GET /hello HTTP/1.1" 302 -
0:0:0:0:0:0:0:1 - - [29/Dec/2016:16:25:25 +0800] "GET /login HTTP/1.1" 200 521
0:0:0:0:0:0:0:1 - - [29/Dec/2016:16:25:27 +0800] "POST /login HTTP/1.1" 302 -
0:0:0:0:0:0:0:1 - - [29/Dec/2016:16:25:27 +0800] "GET /login?error HTTP/1.1" 200 559
0:0:0:0:0:0:0:1 - - [29/Dec/2016:16:25:35 +0800] "POST /login HTTP/1.1" 302 -
0:0:0:0:0:0:0:1 - - [29/Dec/2016:16:25:35 +0800] "GET /hello HTTP/1.1" 200 193
0:0:0:0:0:0:0:1 - - [29/Dec/2016:17:00:50 +0800] "GET /hello HTTP/1.1" 200 193
0:0:0:0:0:0:0:1 - - [29/Dec/2016:17:00:51 +0800] "GET /favicon.ico HTTP/1.1" 200 946
0:0:0:0:0:0:0:1 - - [29/Dec/2016:17:00:53 +0800] "GET /login HTTP/1.1" 200 440
0:0:0:0:0:0:0:1 - - [29/Dec/2016:17:00:56 +0800] "GET / HTTP/1.1" 200 268
0:0:0:0:0:0:0:1 - - [29/Dec/2016:17:08:48 +0800] "GET / HTTP/1.1" 302 -
0:0:0:0:0:0:0:1 - - [29/Dec/2016:17:08:49 +0800] "GET /login HTTP/1.1" 200 440
0:0:0:0:0:0:0:1 - - [29/Dec/2016:17:09:38 +0800] "POST /login HTTP/1.1" 200 440
0:0:0:0:0:0:0:1 - - [29/Dec/2016:18:24:47 +0800] "POST /login HTTP/1.1" 200 440
0:0:0:0:0:0:0:1 - - [29/Dec/2016:18:24:47 +0800] "GET /favicon.ico HTTP/1.1" 302 -
0:0:0:0:0:0:0:1 - - [29/Dec/2016:18:24:47 +0800] "GET /login HTTP/1.1" 405 220
0:0:0:0:0:0:0:1 - - [29/Dec/2016:18:37:11 +0800] "POST /login HTTP/1.1" 200 440
0:0:0:0:0:0:0:1 - - [29/Dec/2016:18:37:12 +0800] "GET /favicon.ico HTTP/1.1" 302 -
0:0:0:0:0:0:0:1 - - [29/Dec/2016:18:37:12 +0800] "GET /login HTTP/1.1" 405 220
0:0:0:0:0:0:0:1 - - [29/Dec/2016:18:41:12 +0800] "POST /login HTTP/1.1" 200 440
0:0:0:0:0:0:0:1 - - [29/Dec/2016:18:41:12 +0800] "GET /favicon.ico HTTP/1.1" 302 -
0:0:0:0:0:0:0:1 - - [29/Dec/2016:18:41:12 +0800] "GET /login HTTP/1.1" 405 220
0:0:0:0:0:0:0:1 - - [29/Dec/2016:18:43:17 +0800] "POST /login HTTP/1.1" 200 440
0:0:0:0:0:0:0:1 - - [29/Dec/2016:18:43:18 +0800] "GET /favicon.ico HTTP/1.1" 302 -
0:0:0:0:0:0:0:1 - - [29/Dec/2016:18:43:18 +0800] "GET /login HTTP/1.1" 405 220
0:0:0:0:0:0:0:1 - - [29/Dec/2016:18:45:09 +0800] "POST /login HTTP/1.1" 200 440
0:0:0:0:0:0:0:1 - - [29/Dec/2016:18:45:09 +0800] "GET /favicon.ico HTTP/1.1" 302 -
0:0:0:0:0:0:0:1 - - [29/Dec/2016:18:45:10 +0800] "GET /login HTTP/1.1" 405 220
